<?xml version="1.0" encoding="UTF-8"?>
<!-- Generated by org.testng.reporters.JUnitReportReporter -->
<testsuite hostname="DESKTOP-NK5MS86" failures="0" tests="3" name="ProjectTest" time="3.928" errors="0" timestamp="2022-05-25T16:29:54 IST" skipped="0">
  <testcase classname="ProjectTest" name="postApiRequest" time="2.738"/>
  <system-out/>
  <testcase classname="ProjectTest" name="getSshKeyRequest" time="0.435"/>
  <system-out>
    <![CDATA[[
    {
        "id": 66609995,
        "key": "ssh-rsa AAAAB3NzaC1yc2EAAAADAQABAAABgQCmq4fGYb1sdNS04JWz5Uh3gVXGTzCH6T+5geNAAd6Y9efSUsw7DPLEo/d7vzJwr9Z4TVtSGAflcwieZHDYkKNxbK3SpaxoLHqnqPCkbx5KQYSeGBYTs/exht50NHQPKkjjatR+3mFAhvvzYQoyaquzx9n6pZWiuqdjjvxxC8c3iW/ZxlFdd1XHE4U8My4qiEc8iTqY680AgOyG8V8YCtR2pK1Jclr7ASMWeIyxhgfBH2Cb5RVK19irCvWkypPwtOg44OS7+IhmTYBuswQCktPxOtErR8IKWV+goW2/yjYM4J5UwoLGru/OCsvuG3BqN9pQnn8wj7Ar1gpAUI9MXhTV67kPtsXcdnM7Wb5VWf8+ayc9SLibpE3WTm70IKJpR2TqiIQOWDKUwpVyGrwHD4xaaAAFXdAgVk5VYSs44VPWllGN9dYyGZDHBjzGYjepT2xOSFHQqi4p+gjkmN7UWl2RPUK1Ag7hDX3nfy8EyrQtVHv3Zew0cS33Ghv1ZC09Hms=",
        "url": "https://api.github.com/user/keys/66609995",
        "title": "TestAPIKey",
        "verified": true,
        "created_at": "2022-05-25T10:59:52Z",
        "read_only": false
    }
]]]>
  </system-out>
  <testcase classname="ProjectTest" name="DeleteKeyRequest" time="0.755"/>
  <system-out>
    <![CDATA[]]>
  </system-out>
</testsuite> <!-- ProjectTest -->
